<?xml version="1.0" encoding="UTF-8"?>
<!-- Generated by org.testng.reporters.JUnitReportReporter -->
<testsuite hostname="DESKTOP-QJ8DNNF" failures="0" tests="1" name="com.vtiger.login.FlipakartsMobilesBrand$FlipkartMobilesBrandClickNext" time="87.412" errors="0" timestamp="2022-10-16T16:42:41 IST" skipped="0">
  <testcase classname="com.vtiger.login.FlipakartsMobilesBrand$FlipkartMobilesBrandClickNext" name="getAllProducts" time="87.412"/>
  <system-out/>
</testsuite> <!-- com.vtiger.login.FlipakartsMobilesBrand$FlipkartMobilesBrandClickNext -->
