<?xml version="1.0" encoding="UTF-8"?>
<!-- Generated by org.testng.reporters.JUnitReportReporter -->
<testsuite hostname="DESKTOP-QJ8DNNF" failures="0" tests="10" name="A.IccTest" time="382.519" errors="0" timestamp="2022-09-27T10:33:04 IST" skipped="0">
  <testcase classname="A.IccTest" name="Icc" time="28.168"/>
  <system-out>
    <![CDATA[83]]>
  </system-out>
  <testcase classname="A.IccTest" name="Icc" time="25.045"/>
  <system-out>
    <![CDATA[80]]>
  </system-out>
  <testcase classname="A.IccTest" name="Icc" time="55.621"/>
  <system-out>
    <![CDATA[25]]>
  </system-out>
  <testcase classname="A.IccTest" name="Icc" time="18.327"/>
  <system-out>
    <![CDATA[104]]>
  </system-out>
  <testcase classname="A.IccTest" name="Icc" time="22.018"/>
  <system-out>
    <![CDATA[103]]>
  </system-out>
  <testcase classname="A.IccTest" name="Icc" time="27.911"/>
  <system-out>
    <![CDATA[48]]>
  </system-out>
  <testcase classname="A.IccTest" name="Icc" time="12.231"/>
  <system-out>
    <![CDATA[114]]>
  </system-out>
  <testcase classname="A.IccTest" name="Icc" time="13.245"/>
  <system-out>
    <![CDATA[128]]>
  </system-out>
  <testcase classname="A.IccTest" name="Icc" time="29.235"/>
  <system-out>
    <![CDATA[100]]>
  </system-out>
  <testcase classname="A.IccTest" name="Icc" time="150.718"/>
  <system-out>
    <![CDATA[92]]>
  </system-out>
</testsuite> <!-- A.IccTest -->
