<?xml version="1.0" encoding="UTF-8"?>
<!-- Generated by org.testng.reporters.JUnitReportReporter -->
<testsuite hostname="DESKTOP-QJ8DNNF" failures="0" tests="10" name="A.AIcc" time="143.246" errors="0" timestamp="2022-09-27T10:06:52 IST" skipped="0">
  <testcase classname="A.AIcc" name="ICCTest" time="14.922"/>
  <system-out>
    <![CDATA[Team ranking page is displayed, PASS
Team West Indies rating is 80]]>
  </system-out>
  <testcase classname="A.AIcc" name="ICCTest" time="13.858"/>
  <system-out>
    <![CDATA[Team ranking page is displayed, PASS
Team Bangladesh rating is 48]]>
  </system-out>
  <testcase classname="A.AIcc" name="ICCTest" time="13.851"/>
  <system-out>
    <![CDATA[Team ranking page is displayed, PASS
Team Pakistan rating is 92]]>
  </system-out>
  <testcase classname="A.AIcc" name="ICCTest" time="18.643"/>
  <system-out>
    <![CDATA[Team ranking page is displayed, PASS
Team Sri Lanka rating is 83]]>
  </system-out>
  <testcase classname="A.AIcc" name="ICCTest" time="14.140"/>
  <system-out>
    <![CDATA[Team ranking page is displayed, PASS
Team New Zealand rating is 100]]>
  </system-out>
  <testcase classname="A.AIcc" name="ICCTest" time="16.311"/>
  <system-out>
    <![CDATA[Team ranking page is displayed, PASS
Team South Africa rating is 104]]>
  </system-out>
  <testcase classname="A.AIcc" name="ICCTest" time="13.769"/>
  <system-out>
    <![CDATA[Team ranking page is displayed, PASS
Team England rating is 103]]>
  </system-out>
  <testcase classname="A.AIcc" name="ICCTest" time="10.810"/>
  <system-out>
    <![CDATA[Team ranking page is displayed, PASS
Team Australia rating is 128]]>
  </system-out>
  <testcase classname="A.AIcc" name="ICCTest" time="10.927"/>
  <system-out>
    <![CDATA[Team ranking page is displayed, PASS
Team India rating is 114]]>
  </system-out>
  <testcase classname="A.AIcc" name="ICCTest" time="16.015"/>
  <system-out>
    <![CDATA[Team ranking page is displayed, PASS
Team Zimbabwe rating is 25]]>
  </system-out>
</testsuite> <!-- A.AIcc -->
