<?xml version="1.0" encoding="UTF-8"?>
<!-- Generated by org.testng.reporters.JUnitReportReporter -->
<testsuite hostname="DESKTOP-QJ8DNNF" failures="0" tests="1" name="com.vtiger.login.Amazon" time="10.185" errors="0" timestamp="2022-10-04T15:56:42 IST" skipped="0">
  <testcase classname="com.vtiger.login.Amazon" name="amazonTest" time="10.185"/>
  <system-out/>
</testsuite> <!-- com.vtiger.login.Amazon -->
