<?xml version="1.0" encoding="UTF-8"?>
<!-- Generated by org.testng.reporters.JUnitReportReporter -->
<testsuite hostname="DESKTOP-QJ8DNNF" failures="0" tests="1" name="A.cedricPereriaTest" time="3.585" errors="0" timestamp="2022-10-06T17:40:12 IST" skipped="0">
  <testcase classname="A.cedricPereriaTest" name="cedricPereria" time="3.585"/>
  <system-out/>
</testsuite> <!-- A.cedricPereriaTest -->
